D:\OSAMA\PROGRAMMING\PROJECTS\RADIALBASISFUNCTIONNETWORK\RADIALBASISFUNCTIONNETWOK\DEBUG\KMEANSPP.OBJ
D:\OSAMA\PROGRAMMING\PROJECTS\RADIALBASISFUNCTIONNETWORK\RADIALBASISFUNCTIONNETWOK\DEBUG\MAIN.OBJ
D:\OSAMA\PROGRAMMING\PROJECTS\RADIALBASISFUNCTIONNETWORK\RADIALBASISFUNCTIONNETWOK\DEBUG\RBFNETWORK.OBJ
D:\OSAMA\PROGRAMMING\PROJECTS\RADIALBASISFUNCTIONNETWORK\RADIALBASISFUNCTIONNETWOK\DEBUG\VC110.PDB
D:\Osama\Programming\Projects\RadialBasisFunctionNetwork\RadialBasisFunctionNetwok\Debug\KmeansPP.obj
D:\Osama\Programming\Projects\RadialBasisFunctionNetwork\RadialBasisFunctionNetwok\Debug\main.obj
D:\Osama\Programming\Projects\RadialBasisFunctionNetwork\RadialBasisFunctionNetwok\Debug\RBFNetwork.obj
D:\Osama\Programming\Projects\RadialBasisFunctionNetwork\RadialBasisFunctionNetwok\Debug\cl.command.1.tlog
D:\Osama\Programming\Projects\RadialBasisFunctionNetwork\RadialBasisFunctionNetwok\Debug\CL.read.1.tlog
D:\Osama\Programming\Projects\RadialBasisFunctionNetwork\RadialBasisFunctionNetwok\Debug\CL.write.1.tlog
D:\Osama\Programming\Projects\RadialBasisFunctionNetwork\RadialBasisFunctionNetwok\Debug\link-cvtres.read.1.tlog
D:\Osama\Programming\Projects\RadialBasisFunctionNetwork\RadialBasisFunctionNetwok\Debug\link-cvtres.write.1.tlog
D:\Osama\Programming\Projects\RadialBasisFunctionNetwork\RadialBasisFunctionNetwok\Debug\link-rc.read.1.tlog
D:\Osama\Programming\Projects\RadialBasisFunctionNetwork\RadialBasisFunctionNetwok\Debug\link-rc.write.1.tlog
D:\Osama\Programming\Projects\RadialBasisFunctionNetwork\RadialBasisFunctionNetwok\Debug\link.command.1.tlog
D:\Osama\Programming\Projects\RadialBasisFunctionNetwork\RadialBasisFunctionNetwok\Debug\link.read.1.tlog
D:\Osama\Programming\Projects\RadialBasisFunctionNetwork\RadialBasisFunctionNetwok\Debug\link.write.1.tlog
D:\Osama\Programming\Projects\RadialBasisFunctionNetwork\RadialBasisFunctionNetwok\Debug\vc110.idb
D:\Osama\Programming\Projects\RadialBasisFunctionNetwork\RadialBasisFunctionNetwok\Debug\vc110.pdb
D:\Osama\Programming\Projects\RadialBasisFunctionNetwork\Debug\RadialBasisFunctionNetwok.pdb
