Build started 08-May-15 4:18:24 PM.
     1>Project "D:\Osama\Programming\Projects\RadialBasisFunctionNetwork\RadialBasisFunctionNetwork\RadialBasisFunctionNetwork.vcxproj" on node 2 (Rebuild target(s)).
     1>ClCompile:
         C:\Program Files (x86)\Microsoft Visual Studio 11.0\VC\bin\CL.exe /c /IC:\opencv\build\include /ZI /nologo /W3 /WX- /Od /Oy- /D WIN32 /D _DEBUG /D _CONSOLE /D _UNICODE /D UNICODE /Gm /EHsc /RTC1 /MDd /GS /fp:precise /Zc:wchar_t /Zc:forScope /Fo"Debug\\" /Fd"Debug\vc110.pdb" /Gd /TP /analyze- /errorReport:prompt KmeansPP.cpp main.cpp RBFNetwork.cpp
         RBFNetwork.cpp
     1>d:\osama\programming\projects\radialbasisfunctionnetwork\radialbasisfunctionnetwork\util.h(20): warning C4018: '<' : signed/unsigned mismatch
     1>d:\osama\programming\projects\radialbasisfunctionnetwork\radialbasisfunctionnetwork\util.h(31): warning C4018: '<' : signed/unsigned mismatch
     1>d:\osama\programming\projects\radialbasisfunctionnetwork\radialbasisfunctionnetwork\util.h(42): warning C4018: '<' : signed/unsigned mismatch
     1>d:\osama\programming\projects\radialbasisfunctionnetwork\radialbasisfunctionnetwork\util.h(53): warning C4018: '<' : signed/unsigned mismatch
     1>d:\osama\programming\projects\radialbasisfunctionnetwork\radialbasisfunctionnetwork\rbfnetwork.cpp(44): warning C4018: '<' : signed/unsigned mismatch
     1>d:\osama\programming\projects\radialbasisfunctionnetwork\radialbasisfunctionnetwork\rbfnetwork.cpp(59): warning C4018: '<' : signed/unsigned mismatch
     1>d:\osama\programming\projects\radialbasisfunctionnetwork\radialbasisfunctionnetwork\rbfnetwork.cpp(89): warning C4018: '<' : signed/unsigned mismatch
     1>d:\osama\programming\projects\radialbasisfunctionnetwork\radialbasisfunctionnetwork\rbfnetwork.cpp(95): warning C4018: '<' : signed/unsigned mismatch
     1>d:\osama\programming\projects\radialbasisfunctionnetwork\radialbasisfunctionnetwork\rbfnetwork.cpp(97): warning C4018: '<' : signed/unsigned mismatch
     1>d:\osama\programming\projects\radialbasisfunctionnetwork\radialbasisfunctionnetwork\rbfnetwork.cpp(110): warning C4018: '<' : signed/unsigned mismatch
     1>d:\osama\programming\projects\radialbasisfunctionnetwork\radialbasisfunctionnetwork\rbfnetwork.cpp(120): warning C4018: '<' : signed/unsigned mismatch
         main.cpp
     1>c:\opencv\build\include\opencv2\flann\logger.h(66): warning C4996: 'fopen': This function or variable may be unsafe. Consider using fopen_s instead. To disable deprecation, use _CRT_SECURE_NO_WARNINGS. See online help for details.
                 c:\program files (x86)\microsoft visual studio 11.0\vc\include\stdio.h(218) : see declaration of 'fopen'
     1>d:\osama\programming\projects\radialbasisfunctionnetwork\radialbasisfunctionnetwork\util.h(20): warning C4018: '<' : signed/unsigned mismatch
     1>d:\osama\programming\projects\radialbasisfunctionnetwork\radialbasisfunctionnetwork\util.h(31): warning C4018: '<' : signed/unsigned mismatch
     1>d:\osama\programming\projects\radialbasisfunctionnetwork\radialbasisfunctionnetwork\util.h(42): warning C4018: '<' : signed/unsigned mismatch
     1>d:\osama\programming\projects\radialbasisfunctionnetwork\radialbasisfunctionnetwork\util.h(53): warning C4018: '<' : signed/unsigned mismatch
     1>d:\osama\programming\projects\radialbasisfunctionnetwork\radialbasisfunctionnetwork\main.cpp(87): warning C4018: '<' : signed/unsigned mismatch
     1>d:\osama\programming\projects\radialbasisfunctionnetwork\radialbasisfunctionnetwork\main.cpp(90): warning C4018: '<' : signed/unsigned mismatch
         KmeansPP.cpp
     1>d:\osama\programming\projects\radialbasisfunctionnetwork\radialbasisfunctionnetwork\kmeanspp.cpp(14): warning C4018: '<=' : signed/unsigned mismatch
     1>d:\osama\programming\projects\radialbasisfunctionnetwork\radialbasisfunctionnetwork\kmeanspp.cpp(36): warning C4018: '<' : signed/unsigned mismatch
     1>d:\osama\programming\projects\radialbasisfunctionnetwork\radialbasisfunctionnetwork\kmeanspp.cpp(49): warning C4018: '<' : signed/unsigned mismatch
     1>d:\osama\programming\projects\radialbasisfunctionnetwork\radialbasisfunctionnetwork\kmeanspp.cpp(54): warning C4018: '<' : signed/unsigned mismatch
     1>d:\osama\programming\projects\radialbasisfunctionnetwork\radialbasisfunctionnetwork\kmeanspp.cpp(58): warning C4018: '<' : signed/unsigned mismatch
     1>d:\osama\programming\projects\radialbasisfunctionnetwork\radialbasisfunctionnetwork\kmeanspp.cpp(62): warning C4244: 'initializing' : conversion from 'double' to 'int', possible loss of data
     1>d:\osama\programming\projects\radialbasisfunctionnetwork\radialbasisfunctionnetwork\kmeanspp.cpp(63): warning C4018: '<' : signed/unsigned mismatch
     1>d:\osama\programming\projects\radialbasisfunctionnetwork\radialbasisfunctionnetwork\kmeanspp.cpp(72): warning C4018: '<' : signed/unsigned mismatch
     1>d:\osama\programming\projects\radialbasisfunctionnetwork\radialbasisfunctionnetwork\kmeanspp.cpp(84): warning C4018: '<' : signed/unsigned mismatch
     1>d:\osama\programming\projects\radialbasisfunctionnetwork\radialbasisfunctionnetwork\kmeanspp.cpp(87): warning C4018: '<' : signed/unsigned mismatch
     1>d:\osama\programming\projects\radialbasisfunctionnetwork\radialbasisfunctionnetwork\kmeanspp.cpp(91): warning C4018: '<' : signed/unsigned mismatch
     1>d:\osama\programming\projects\radialbasisfunctionnetwork\radialbasisfunctionnetwork\kmeanspp.cpp(93): warning C4018: '<' : signed/unsigned mismatch
     1>d:\osama\programming\projects\radialbasisfunctionnetwork\radialbasisfunctionnetwork\kmeanspp.cpp(102): warning C4018: '<' : signed/unsigned mismatch
     1>d:\osama\programming\projects\radialbasisfunctionnetwork\radialbasisfunctionnetwork\kmeanspp.cpp(118): warning C4018: '<' : signed/unsigned mismatch
     1>d:\osama\programming\projects\radialbasisfunctionnetwork\radialbasisfunctionnetwork\kmeanspp.cpp(126): warning C4018: '<' : signed/unsigned mismatch
         Generating Code...
       Link:
         C:\Program Files (x86)\Microsoft Visual Studio 11.0\VC\bin\link.exe /ERRORREPORT:PROMPT /OUT:"D:\Osama\Programming\Projects\RadialBasisFunctionNetwork\Debug\RadialBasisFunctionNetwork.exe" /INCREMENTAL /NOLOGO /LIBPATH:C:\opencv\build\x86\vc11\lib opencv_calib3d249d.lib opencv_contrib249d.lib opencv_core249d.lib opencv_features2d249d.lib opencv_flann249d.lib opencv_gpu249d.lib opencv_highgui249d.lib opencv_imgproc249d.lib opencv_legacy249d.lib opencv_ml249d.lib opencv_nonfree249d.lib opencv_objdetect249d.lib opencv_photo249d.lib opencv_stitching249d.lib opencv_superres249d.lib opencv_ts249d.lib opencv_video249d.lib opencv_videostab249d.lib kernel32.lib user32.lib gdi32.lib winspool.lib comdlg32.lib advapi32.lib shell32.lib ole32.lib oleaut32.lib uuid.lib odbc32.lib odbccp32.lib /MANIFEST /MANIFESTUAC:"level='asInvoker' uiAccess='false'" /manifest:embed /DEBUG /PDB:"D:\Osama\Programming\Projects\RadialBasisFunctionNetwork\Debug\RadialBasisFunctionNetwork.pdb" /SUBSYSTEM:CONSOLE /TLBID:1 /DYNAMICBASE /NXCOMPAT /IMPLIB:"D:\Osama\Programming\Projects\RadialBasisFunctionNetwork\Debug\RadialBasisFunctionNetwork.lib" /MACHINE:X86 Debug\KmeansPP.obj
         Debug\main.obj
         Debug\RBFNetwork.obj
         RadialBasisFunctionNetwork.vcxproj -> D:\Osama\Programming\Projects\RadialBasisFunctionNetwork\Debug\RadialBasisFunctionNetwork.exe
     1>Done Building Project "D:\Osama\Programming\Projects\RadialBasisFunctionNetwork\RadialBasisFunctionNetwork\RadialBasisFunctionNetwork.vcxproj" (Rebuild target(s)).

Build succeeded.

Time Elapsed 00:00:10.66
